<?xml version="1.0" encoding="UTF-8"?>
<coverage generated="1660618173038" clover="3.2.0">
  <project timestamp="1660618173039" name="All files">
    <metrics statements="21" coveredstatements="21" conditionals="0" coveredconditionals="0" methods="8" coveredmethods="8" elements="29" coveredelements="29" complexity="0" loc="21" ncloc="21" packages="1" files="2" classes="2"/>
    <file name="api.bcb.js" path="C:\Users\vituh\OneDrive\Documentos\Developement\curso_FULLSTACKMASTER\convertmymoney\lib\api.bcb.js">
      <metrics statements="16" coveredstatements="16" conditionals="0" coveredconditionals="0" methods="6" coveredmethods="6"/>
      <line num="1" count="1" type="stmt"/>
      <line num="3" count="1" type="stmt"/>
      <line num="4" count="1" type="stmt"/>
      <line num="5" count="1" type="stmt"/>
      <line num="6" count="1" type="stmt"/>
      <line num="7" count="1" type="stmt"/>
      <line num="8" count="1" type="stmt"/>
      <line num="10" count="3" type="stmt"/>
      <line num="11" count="2" type="stmt"/>
      <line num="12" count="2" type="stmt"/>
      <line num="13" count="2" type="stmt"/>
      <line num="14" count="2" type="stmt"/>
      <line num="15" count="1" type="stmt"/>
      <line num="16" count="1" type="stmt"/>
      <line num="18" count="1" type="stmt"/>
      <line num="23" count="1" type="stmt"/>
    </file>
    <file name="convert.js" path="C:\Users\vituh\OneDrive\Documentos\Developement\curso_FULLSTACKMASTER\convertmymoney\lib\convert.js">
      <metrics statements="5" coveredstatements="5" conditionals="0" coveredconditionals="0" methods="2" coveredmethods="2"/>
      <line num="2" count="1" type="stmt"/>
      <line num="3" count="2" type="stmt"/>
      <line num="6" count="1" type="stmt"/>
      <line num="7" count="2" type="stmt"/>
      <line num="11" count="1" type="stmt"/>
    </file>
  </project>
</coverage>
