{"C:\\Users\\vituh\\OneDrive\\Documentos\\Developement\\curso_FULLSTACKMASTER\\convertmymoney\\lib\\api.bcb.js": {"path":"C:\\Users\\vituh\\OneDrive\\Documentos\\Developement\\curso_FULLSTACKMASTER\\convertmymoney\\lib\\api.bcb.js","statementMap":{"0":{"start":{"line":1,"column":14},"end":{"line":1,"column":30}},"1":{"start":{"line":3,"column":15},"end":{"line":3,"column":236}},"2":{"start":{"line":3,"column":23},"end":{"line":3,"column":236}},"3":{"start":{"line":4,"column":22},"end":{"line":4,"column":43}},"4":{"start":{"line":4,"column":29},"end":{"line":4,"column":43}},"5":{"start":{"line":5,"column":23},"end":{"line":5,"column":60}},"6":{"start":{"line":5,"column":30},"end":{"line":5,"column":60}},"7":{"start":{"line":6,"column":17},"end":{"line":9,"column":1}},"8":{"start":{"line":7,"column":18},"end":{"line":7,"column":28}},"9":{"start":{"line":8,"column":4},"end":{"line":8,"column":75}},"10":{"start":{"line":10,"column":19},"end":{"line":20,"column":1}},"11":{"start":{"line":10,"column":76},"end":{"line":20,"column":1}},"12":{"start":{"line":11,"column":4},"end":{"line":19,"column":5}},"13":{"start":{"line":12,"column":22},"end":{"line":12,"column":32}},"14":{"start":{"line":13,"column":20},"end":{"line":13,"column":33}},"15":{"start":{"line":14,"column":20},"end":{"line":14,"column":44}},"16":{"start":{"line":15,"column":24},"end":{"line":15,"column":43}},"17":{"start":{"line":16,"column":8},"end":{"line":16,"column":22}},"18":{"start":{"line":18,"column":8},"end":{"line":18,"column":17}},"19":{"start":{"line":23,"column":0},"end":{"line":32,"column":1}}},"fnMap":{"0":{"name":"(anonymous_0)","decl":{"start":{"line":3,"column":15},"end":{"line":3,"column":16}},"loc":{"start":{"line":3,"column":23},"end":{"line":3,"column":236}},"line":3},"1":{"name":"(anonymous_1)","decl":{"start":{"line":4,"column":22},"end":{"line":4,"column":23}},"loc":{"start":{"line":4,"column":29},"end":{"line":4,"column":43}},"line":4},"2":{"name":"(anonymous_2)","decl":{"start":{"line":5,"column":23},"end":{"line":5,"column":24}},"loc":{"start":{"line":5,"column":30},"end":{"line":5,"column":60}},"line":5},"3":{"name":"(anonymous_3)","decl":{"start":{"line":6,"column":17},"end":{"line":6,"column":18}},"loc":{"start":{"line":6,"column":23},"end":{"line":9,"column":1}},"line":6},"4":{"name":"(anonymous_4)","decl":{"start":{"line":10,"column":19},"end":{"line":10,"column":20}},"loc":{"start":{"line":10,"column":76},"end":{"line":20,"column":1}},"line":10},"5":{"name":"(anonymous_5)","decl":{"start":{"line":10,"column":76},"end":{"line":10,"column":77}},"loc":{"start":{"line":10,"column":87},"end":{"line":20,"column":1}},"line":10}},"branchMap":{},"s":{"0":1,"1":1,"2":1,"3":1,"4":1,"5":1,"6":1,"7":1,"8":1,"9":1,"10":1,"11":3,"12":2,"13":2,"14":2,"15":2,"16":1,"17":1,"18":1,"19":1},"f":{"0":1,"1":1,"2":1,"3":1,"4":3,"5":2},"b":{},"_coverageSchema":"1a1c01bbd47fc00a2c39e90264f33305004495a9","hash":"158cc4b9929c54a5d8bc036ab7d60582d9a1f899"}
,"C:\\Users\\vituh\\OneDrive\\Documentos\\Developement\\curso_FULLSTACKMASTER\\convertmymoney\\lib\\convert.js": {"path":"C:\\Users\\vituh\\OneDrive\\Documentos\\Developement\\curso_FULLSTACKMASTER\\convertmymoney\\lib\\convert.js","statementMap":{"0":{"start":{"line":2,"column":17},"end":{"line":4,"column":1}},"1":{"start":{"line":3,"column":4},"end":{"line":3,"column":31}},"2":{"start":{"line":6,"column":16},"end":{"line":8,"column":1}},"3":{"start":{"line":7,"column":4},"end":{"line":7,"column":39}},"4":{"start":{"line":11,"column":0},"end":{"line":14,"column":1}}},"fnMap":{"0":{"name":"(anonymous_0)","decl":{"start":{"line":2,"column":17},"end":{"line":2,"column":18}},"loc":{"start":{"line":2,"column":42},"end":{"line":4,"column":1}},"line":2},"1":{"name":"(anonymous_1)","decl":{"start":{"line":6,"column":16},"end":{"line":6,"column":17}},"loc":{"start":{"line":6,"column":25},"end":{"line":8,"column":1}},"line":6}},"branchMap":{},"s":{"0":1,"1":2,"2":1,"3":2,"4":1},"f":{"0":2,"1":2},"b":{},"_coverageSchema":"1a1c01bbd47fc00a2c39e90264f33305004495a9","hash":"15ed671cf9c26ea9001f26224cc32e9b188b7e53"}
}
